<?xml version="1.0" encoding="UTF-8"?>
<!-- Generated by org.testng.reporters.JUnitReportReporter -->
<testsuite hostname="DESKTOP-VG84OBB" failures="0" tests="1" name="com.automationstore.testScript.Home" time="21.718" errors="0" timestamp="13 Jul 2023 07:50:38 GMT">
  <testcase classname="com.automationstore.testScript.Home" name="testnavigateToLogin" time="21.718"/>
</testsuite> <!-- com.automationstore.testScript.Home -->
